# Logfile created on 2014-01-09 12:09:48 +0900 by logger.rb/36483
I, [2014-01-09T12:09:48.047655 #97093]  INFO -- : 0:  rake (10.1.1) from /Library/Ruby/Gems/2.0.0/specifications/rake-10.1.1.gemspec
I, [2014-01-09T12:09:48.048178 #97093]  INFO -- : 0:  i18n (0.6.9) from /Library/Ruby/Gems/2.0.0/specifications/i18n-0.6.9.gemspec
I, [2014-01-09T12:09:48.048521 #97093]  INFO -- : 0:  multi_json (1.8.2) from /Library/Ruby/Gems/2.0.0/specifications/multi_json-1.8.2.gemspec
I, [2014-01-09T12:09:48.048790 #97093]  INFO -- : 0:  activesupport (3.2.16) from /Library/Ruby/Gems/2.0.0/specifications/activesupport-3.2.16.gemspec
I, [2014-01-09T12:09:48.049063 #97093]  INFO -- : 0:  builder (3.0.4) from /Library/Ruby/Gems/2.0.0/specifications/builder-3.0.4.gemspec
I, [2014-01-09T12:09:48.049335 #97093]  INFO -- : 0:  activemodel (3.2.16) from /Library/Ruby/Gems/2.0.0/specifications/activemodel-3.2.16.gemspec
I, [2014-01-09T12:09:48.049617 #97093]  INFO -- : 0:  arel (3.0.3) from /Library/Ruby/Gems/2.0.0/specifications/arel-3.0.3.gemspec
I, [2014-01-09T12:09:48.049903 #97093]  INFO -- : 0:  tzinfo (0.3.38) from /Library/Ruby/Gems/2.0.0/specifications/tzinfo-0.3.38.gemspec
I, [2014-01-09T12:09:48.050196 #97093]  INFO -- : 0:  activerecord (3.2.16) from /Library/Ruby/Gems/2.0.0/specifications/activerecord-3.2.16.gemspec
I, [2014-01-09T12:09:48.050440 #97093]  INFO -- : 0:  bundler (1.5.1) from /Library/Ruby/Gems/2.0.0/specifications/bundler-1.5.1.gemspec
I, [2014-01-09T12:09:48.050699 #97093]  INFO -- : 0:  diff-lcs (1.2.5) from /Library/Ruby/Gems/2.0.0/specifications/diff-lcs-1.2.5.gemspec
I, [2014-01-09T12:09:48.050983 #97093]  INFO -- : 0:  erubis (2.7.0) from /Library/Ruby/Gems/2.0.0/specifications/erubis-2.7.0.gemspec
I, [2014-01-09T12:09:48.051266 #97093]  INFO -- : 0:  rack (1.5.2) from /Library/Ruby/Gems/2.0.0/specifications/rack-1.5.2.gemspec
I, [2014-01-09T12:09:48.051574 #97093]  INFO -- : 0:  url_mount (0.2.1) from /Library/Ruby/Gems/2.0.0/specifications/url_mount-0.2.1.gemspec
I, [2014-01-09T12:09:48.051841 #97093]  INFO -- : 0:  http_router (0.11.0) from /Library/Ruby/Gems/2.0.0/specifications/http_router-0.11.0.gemspec
I, [2014-01-09T12:09:48.052123 #97093]  INFO -- : 0:  mime-types (1.25.1) from /Library/Ruby/Gems/2.0.0/specifications/mime-types-1.25.1.gemspec
I, [2014-01-09T12:09:48.052402 #97093]  INFO -- : 0:  polyglot (0.3.3) from /Library/Ruby/Gems/2.0.0/specifications/polyglot-0.3.3.gemspec
I, [2014-01-09T12:09:48.052689 #97093]  INFO -- : 0:  treetop (1.4.15) from /Library/Ruby/Gems/2.0.0/specifications/treetop-1.4.15.gemspec
I, [2014-01-09T12:09:48.052963 #97093]  INFO -- : 0:  mail (2.5.4) from /Library/Ruby/Gems/2.0.0/specifications/mail-2.5.4.gemspec
I, [2014-01-09T12:09:48.053225 #97093]  INFO -- : 0:  rack-protection (1.5.1) from /Library/Ruby/Gems/2.0.0/specifications/rack-protection-1.5.1.gemspec
I, [2014-01-09T12:09:48.053486 #97093]  INFO -- : 0:  tilt (1.4.1) from /Library/Ruby/Gems/2.0.0/specifications/tilt-1.4.1.gemspec
I, [2014-01-09T12:09:48.053747 #97093]  INFO -- : 0:  sinatra (1.4.4) from /Library/Ruby/Gems/2.0.0/specifications/sinatra-1.4.4.gemspec
I, [2014-01-09T12:09:48.054028 #97093]  INFO -- : 0:  thor (0.17.0) from /Library/Ruby/Gems/2.0.0/specifications/thor-0.17.0.gemspec
I, [2014-01-09T12:09:48.054296 #97093]  INFO -- : 0:  padrino-core (0.11.4) from /Library/Ruby/Gems/2.0.0/specifications/padrino-core-0.11.4.gemspec
I, [2014-01-09T12:09:48.054560 #97093]  INFO -- : 0:  padrino-helpers (0.11.4) from /Library/Ruby/Gems/2.0.0/specifications/padrino-helpers-0.11.4.gemspec
I, [2014-01-09T12:09:48.054812 #97093]  INFO -- : 0:  padrino-admin (0.11.4) from /Library/Ruby/Gems/2.0.0/specifications/padrino-admin-0.11.4.gemspec
I, [2014-01-09T12:09:48.055052 #97093]  INFO -- : 0:  padrino-cache (0.11.4) from /Library/Ruby/Gems/2.0.0/specifications/padrino-cache-0.11.4.gemspec
I, [2014-01-09T12:09:48.055301 #97093]  INFO -- : 0:  padrino-gen (0.11.4) from /Library/Ruby/Gems/2.0.0/specifications/padrino-gen-0.11.4.gemspec
I, [2014-01-09T12:09:48.055566 #97093]  INFO -- : 0:  padrino-mailer (0.11.4) from /Library/Ruby/Gems/2.0.0/specifications/padrino-mailer-0.11.4.gemspec
I, [2014-01-09T12:09:48.055840 #97093]  INFO -- : 0:  padrino (0.11.4) from /Library/Ruby/Gems/2.0.0/specifications/padrino-0.11.4.gemspec
I, [2014-01-09T12:09:48.056104 #97093]  INFO -- : 0:  rack-test (0.6.2) from /Library/Ruby/Gems/2.0.0/specifications/rack-test-0.6.2.gemspec
I, [2014-01-09T12:09:48.056365 #97093]  INFO -- : 0:  rspec-core (2.14.7) from /Library/Ruby/Gems/2.0.0/specifications/rspec-core-2.14.7.gemspec
I, [2014-01-09T12:09:48.056630 #97093]  INFO -- : 0:  rspec-expectations (2.14.4) from /Library/Ruby/Gems/2.0.0/specifications/rspec-expectations-2.14.4.gemspec
I, [2014-01-09T12:09:48.056881 #97093]  INFO -- : 0:  rspec-mocks (2.14.4) from /Library/Ruby/Gems/2.0.0/specifications/rspec-mocks-2.14.4.gemspec
I, [2014-01-09T12:09:48.057117 #97093]  INFO -- : 0:  rspec (2.14.1) from /Library/Ruby/Gems/2.0.0/specifications/rspec-2.14.1.gemspec
I, [2014-01-09T12:09:48.057384 #97093]  INFO -- : 0:  sqlite3 (1.3.8) from /Library/Ruby/Gems/2.0.0/specifications/sqlite3-1.3.8.gemspec
