# Logfile created on 2014-01-09 11:31:17 +0900 by logger.rb/36483
I, [2014-01-09T11:31:17.938123 #94868]  INFO -- : 0:  rake (10.1.1) from /Library/Ruby/Gems/2.0.0/specifications/rake-10.1.1.gemspec
I, [2014-01-09T11:31:17.938864 #94868]  INFO -- : 0:  i18n (0.6.9) from /Library/Ruby/Gems/2.0.0/specifications/i18n-0.6.9.gemspec
I, [2014-01-09T11:31:17.939169 #94868]  INFO -- : 0:  multi_json (1.8.2) from /Library/Ruby/Gems/2.0.0/specifications/multi_json-1.8.2.gemspec
I, [2014-01-09T11:31:17.939454 #94868]  INFO -- : 0:  activesupport (3.2.16) from /Library/Ruby/Gems/2.0.0/specifications/activesupport-3.2.16.gemspec
I, [2014-01-09T11:31:17.939702 #94868]  INFO -- : 0:  bundler (1.5.1) from /Library/Ruby/Gems/2.0.0/specifications/bundler-1.5.1.gemspec
I, [2014-01-09T11:31:17.939970 #94868]  INFO -- : 0:  rack (1.5.2) from /Library/Ruby/Gems/2.0.0/specifications/rack-1.5.2.gemspec
I, [2014-01-09T11:31:17.940236 #94868]  INFO -- : 0:  url_mount (0.2.1) from /Library/Ruby/Gems/2.0.0/specifications/url_mount-0.2.1.gemspec
I, [2014-01-09T11:31:17.940504 #94868]  INFO -- : 0:  http_router (0.11.0) from /Library/Ruby/Gems/2.0.0/specifications/http_router-0.11.0.gemspec
I, [2014-01-09T11:31:17.940783 #94868]  INFO -- : 0:  mime-types (1.25.1) from /Library/Ruby/Gems/2.0.0/specifications/mime-types-1.25.1.gemspec
I, [2014-01-09T11:31:17.941049 #94868]  INFO -- : 0:  polyglot (0.3.3) from /Library/Ruby/Gems/2.0.0/specifications/polyglot-0.3.3.gemspec
I, [2014-01-09T11:31:17.941312 #94868]  INFO -- : 0:  treetop (1.4.15) from /Library/Ruby/Gems/2.0.0/specifications/treetop-1.4.15.gemspec
I, [2014-01-09T11:31:17.941575 #94868]  INFO -- : 0:  mail (2.5.4) from /Library/Ruby/Gems/2.0.0/specifications/mail-2.5.4.gemspec
I, [2014-01-09T11:31:17.941838 #94868]  INFO -- : 0:  rack-protection (1.5.1) from /Library/Ruby/Gems/2.0.0/specifications/rack-protection-1.5.1.gemspec
I, [2014-01-09T11:31:17.942102 #94868]  INFO -- : 0:  tilt (1.4.1) from /Library/Ruby/Gems/2.0.0/specifications/tilt-1.4.1.gemspec
I, [2014-01-09T11:31:17.942363 #94868]  INFO -- : 0:  sinatra (1.4.4) from /Library/Ruby/Gems/2.0.0/specifications/sinatra-1.4.4.gemspec
I, [2014-01-09T11:31:17.942627 #94868]  INFO -- : 0:  thor (0.17.0) from /Library/Ruby/Gems/2.0.0/specifications/thor-0.17.0.gemspec
I, [2014-01-09T11:31:17.942888 #94868]  INFO -- : 0:  padrino-core (0.11.4) from /Library/Ruby/Gems/2.0.0/specifications/padrino-core-0.11.4.gemspec
I, [2014-01-09T11:31:17.943150 #94868]  INFO -- : 0:  padrino-helpers (0.11.4) from /Library/Ruby/Gems/2.0.0/specifications/padrino-helpers-0.11.4.gemspec
I, [2014-01-09T11:31:17.943415 #94868]  INFO -- : 0:  padrino-admin (0.11.4) from /Library/Ruby/Gems/2.0.0/specifications/padrino-admin-0.11.4.gemspec
I, [2014-01-09T11:31:17.943677 #94868]  INFO -- : 0:  padrino-cache (0.11.4) from /Library/Ruby/Gems/2.0.0/specifications/padrino-cache-0.11.4.gemspec
I, [2014-01-09T11:31:17.943939 #94868]  INFO -- : 0:  padrino-gen (0.11.4) from /Library/Ruby/Gems/2.0.0/specifications/padrino-gen-0.11.4.gemspec
I, [2014-01-09T11:31:17.944209 #94868]  INFO -- : 0:  padrino-mailer (0.11.4) from /Library/Ruby/Gems/2.0.0/specifications/padrino-mailer-0.11.4.gemspec
I, [2014-01-09T11:31:17.944468 #94868]  INFO -- : 0:  padrino (0.11.4) from /Library/Ruby/Gems/2.0.0/specifications/padrino-0.11.4.gemspec
I, [2014-01-09T11:31:17.944733 #94868]  INFO -- : 0:  temple (0.6.7) from /Library/Ruby/Gems/2.0.0/specifications/temple-0.6.7.gemspec
I, [2014-01-09T11:31:17.944981 #94868]  INFO -- : 0:  slim (2.0.2) from /Library/Ruby/Gems/2.0.0/specifications/slim-2.0.2.gemspec
